Py:AutoConfigFlags    INFO Obtaining metadata of auto-configuration by peeking into '/cvmfs/atlas-nightlies.cern.ch/repo/data/data-art/PhaseIIUpgrade/RDO/ATLAS-P2-RUN4-01-01-00/mc21_14TeV.601229.PhPy8EG_A14_ttbar_hdamp258p75_SingleLep.recon.RDO.e8481_s4038_r14365/RDO.32520484._000001.pool.root.1'
Py:MetaReader        INFO Current mode used: lite
Py:MetaReader        INFO Current filenames: ['/cvmfs/atlas-nightlies.cern.ch/repo/data/data-art/PhaseIIUpgrade/RDO/ATLAS-P2-RUN4-01-01-00/mc21_14TeV.601229.PhPy8EG_A14_ttbar_hdamp258p75_SingleLep.recon.RDO.e8481_s4038_r14365/RDO.32520484._000001.pool.root.1']
Py:MetaReader        INFO MetaReader is called with the parameter "unique_tag_info_values" set to True. This is a workaround to remove all duplicate values from "/TagInfo" key
ApplicationMgr    SUCCESS 
====================================================================================================================================
                                                   Welcome to ApplicationMgr (GaudiCoreSvc v39r1)
                                          running on lxplus959.cern.ch on Thu Jan 23 00:14:11 2025
====================================================================================================================================
ApplicationMgr       INFO Application Manager Configured successfully
Py:ComponentAccumulator    INFO Athena job with pid 2103634
CoreDumpSvc                                          INFO Handling signals: 11(Segmentation fault) 7(Bus error) 4(Illegal instruction) 14(Alarm clock) 
ClassIDSvc                                           INFO getRegistryEntries: read 21230 CLIDRegistry entries for module ALL
IOVDbSvc                                             INFO Only 5 POOL conditions files will be open at once
IOVDbSvc                                             INFO Cache alignment will be done in 3 slices
IOVDbSvc                                             INFO Global tag: OFLCOND-MC15c-SDR-14-05 set from joboptions
IOVDbFolder                                          INFO Read from meta data only for folder /TagInfo
IOVDbFolder                                          INFO Inputfile tag override disabled for /GLOBAL/BField/Maps
IOVDbSvc                                             INFO Initialised with 5 connections and 6 folders
IOVDbSvc                                             INFO Service IOVDbSvc initialised successfully
IOVDbSvc                                             INFO   AlgTool: ToolSvc.IOVDbMetaDataTool
MetaDataSvc                                          INFO Initializing MetaDataSvc
PoolSvc                                              INFO io_register[PoolSvc](xmlcatalog_file:PoolFileCatalog.xml) [ok]
PoolSvc                                              INFO Set connectionsvc retry/timeout/IDLE timeout to  'ConnectionRetrialPeriod':300/ 'ConnectionRetrialTimeOut':3600/ 'ConnectionTimeOut':5 seconds with connection cleanup disabled
PoolSvc                                              INFO Frontier compression level set to 5
DBReplicaSvc                                         INFO Frontier server at (serverurl=http://atlasfrontier-local.cern.ch:8000/atlr)(serverurl=http://atlasfrontier-ai.cern.ch:8000/atlr)(proxyurl=http://ca-proxy-atlas.cern.ch:3128)(proxyurl=http://ca-proxy-meyrin.cern.ch:3128)(proxyurl=http://ca-proxy.cern.ch:3128)(proxyurl=http://atlasbpfrontier.cern.ch:3127) will be considered for COOL data
DBReplicaSvc                                         INFO Read replica configuration from /cvmfs/atlas.cern.ch/repo/sw/software/25.0/Athena/25.0.22/InstallArea/x86_64-el9-gcc13-opt/share/dbreplica.config
DBReplicaSvc                                         INFO Total of 10 servers found for host lxplus959.cern.ch [ATLF ATLAS_COOLPROD atlas_dd ATLAS_CONFIG INT8R INTR ATONR_COOL ATONR_CONF DEVDB11 ATLF ]
PoolSvc                                              INFO Successfully setup replica sorting algorithm
PoolSvc                                              INFO Setting up APR FileCatalog and Streams
PoolSvc                                              INFO Resolved path (via ATLAS_POOLCOND_PATH) is /cvmfs/atlas-condb.cern.ch/repo/conditions/poolcond/PoolFileCatalog.xml
PoolSvc                                              INFO Unable find catalog apcfile:poolcond/PoolCat_oflcond.xml in $ATLAS_POOLCOND_PATH and $DATAPATH
PoolSvc                                              INFO POOL WriteCatalog is xmlcatalog_file:PoolFileCatalog.xml
DbSession                                            INFO     Open     DbSession    
Domain[ROOT_All]                                     INFO >   Access   DbDomain     READ      [ROOT_All] 
MetaDataSvc                                          INFO Found MetaDataTools = PublicToolHandleArray(['IOVDbMetaDataTool/IOVDbMetaDataTool'])
MetaDataSvc                                          INFO   AlgTool: ToolSvc.IOVDbMetaDataTool
ClassIDSvc                                           INFO getRegistryEntries: read 1088 CLIDRegistry entries for module ALL
IOVDbSvc                                             INFO preLoadAddresses: Removing folder /TagInfo. It should only be in the file meta data and was not found.
TagInfoMgr                                           INFO   AlgTool: ToolSvc.IOVDbMetaDataTool
IOVDbSvc                                             INFO Opening COOL connection for COOLOFL_INDET/OFLP200
IOVSvc                                               INFO No IOVSvcTool associated with store "StoreGateSvc"
IOVSvc.IOVSvcTool                                    INFO IOVRanges will be checked at every Event
IOVDbSvc                                             INFO Opening COOL connection for COOLOFL_LAR/OFLP200
IOVDbSvc                                             INFO Disconnecting from COOLOFL_INDET/OFLP200
IOVDbSvc                                             INFO Opening COOL connection for COOLOFL_GLOBAL/OFLP200
IOVDbSvc                                             INFO Disconnecting from COOLOFL_LAR/OFLP200
IOVDbSvc                                             INFO Opening COOL connection for COOLOFL_DCS/OFLP200
IOVDbSvc                                             INFO Disconnecting from COOLOFL_GLOBAL/OFLP200
IOVDbSvc                                             INFO Disconnecting from COOLOFL_DCS/OFLP200
IOVDbSvc                                             INFO Added taginfo remove for /EXT/DCS/MAGNETS/SENSORDATA
IOVDbSvc                                             INFO Added taginfo remove for /GLOBAL/BField/Maps
IOVDbSvc                                             INFO Added taginfo remove for /Indet/Align
IOVDbSvc                                             INFO Added taginfo remove for /LAR/Align
IOVDbSvc                                             INFO Added taginfo remove for /LAR/LArCellPositionShift
ClassIDSvc                                           INFO getRegistryEntries: read 386 CLIDRegistry entries for module ALL
ClassIDSvc                                           INFO getRegistryEntries: read 27 CLIDRegistry entries for module ALL
GeoModelSvc                                          INFO Explicitly initializing DetDescrCnvSvc
DetDescrCnvSvc                                       INFO  initializing 
DetDescrCnvSvc                                       INFO Found DetectorStore service
DetDescrCnvSvc                                       INFO  filling proxies for detector managers 
DetDescrCnvSvc                                       INFO  filling address for CaloTTMgr with CLID 117659265 and storage type 68 to detector store 
DetDescrCnvSvc                                       INFO  filling address for CaloMgr with CLID 4548337 and storage type 68 to detector store 
DetDescrCnvSvc                                       INFO  filling address for CaloSuperCellMgr with CLID 241807251 and storage type 68 to detector store 
DetDescrCnvSvc                                       INFO  filling address for CaloIdManager with CLID 125856940 and storage type 68 to detector store 
DetDescrCnvSvc                                       INFO  filling address for IdDict with CLID 2411 and storage type 68 to detector store 
DetDescrCnvSvc                                       INFO  filling address for AtlasID with CLID 164875623 and storage type 68 to detector store 
DetDescrCnvSvc                                       INFO  filling address for PixelID with CLID 2516 and storage type 68 to detector store 
DetDescrCnvSvc                                       INFO  filling address for SCT_ID with CLID 2517 and storage type 68 to detector store 
DetDescrCnvSvc                                       INFO  filling address for TRT_ID with CLID 2518 and storage type 68 to detector store 
DetDescrCnvSvc                                       INFO  filling address for PLR_ID with CLID 131939624 and storage type 68 to detector store 
DetDescrCnvSvc                                       INFO  filling address for HGTD_ID with CLID 79264207 and storage type 68 to detector store 
DetDescrCnvSvc                                       INFO  filling address for SiliconID with CLID 129452393 and storage type 68 to detector store 
DetDescrCnvSvc                                       INFO  filling address for LArEM_ID with CLID 163583365 and storage type 68 to detector store 
DetDescrCnvSvc                                       INFO  filling address for LArEM_SuperCell_ID with CLID 99488227 and storage type 68 to detector store 
DetDescrCnvSvc                                       INFO  filling address for LArHEC_ID with CLID 3870484 and storage type 68 to detector store 
DetDescrCnvSvc                                       INFO  filling address for LArHEC_SuperCell_ID with CLID 254277678 and storage type 68 to detector store 
DetDescrCnvSvc                                       INFO  filling address for LArFCAL_ID with CLID 45738051 and storage type 68 to detector store 
DetDescrCnvSvc                                       INFO  filling address for LArFCAL_SuperCell_ID with CLID 12829437 and storage type 68 to detector store 
DetDescrCnvSvc                                       INFO  filling address for LArMiniFCAL_ID with CLID 79264204 and storage type 68 to detector store 
DetDescrCnvSvc                                       INFO  filling address for LArOnlineID with CLID 158698068 and storage type 68 to detector store 
DetDescrCnvSvc                                       INFO  filling address for TTOnlineID with CLID 38321944 and storage type 68 to detector store 
DetDescrCnvSvc                                       INFO  filling address for LArOnline_SuperCellID with CLID 115600394 and storage type 68 to detector store 
DetDescrCnvSvc                                       INFO  filling address for LArHVLineID with CLID 27863673 and storage type 68 to detector store 
DetDescrCnvSvc                                       INFO  filling address for LArElectrodeID with CLID 80757351 and storage type 68 to detector store 
DetDescrCnvSvc                                       INFO  filling address for TileID with CLID 2901 and storage type 68 to detector store 
DetDescrCnvSvc                                       INFO  filling address for Tile_SuperCell_ID with CLID 49557789 and storage type 68 to detector store 
DetDescrCnvSvc                                       INFO  filling address for TileHWID with CLID 2902 and storage type 68 to detector store 
DetDescrCnvSvc                                       INFO  filling address for TileTBID with CLID 2903 and storage type 68 to detector store 
DetDescrCnvSvc                                       INFO  filling address for MDTIDHELPER with CLID 4170 and storage type 68 to detector store 
DetDescrCnvSvc                                       INFO  filling address for RPCIDHELPER with CLID 4172 and storage type 68 to detector store 
DetDescrCnvSvc                                       INFO  filling address for TGCIDHELPER with CLID 4173 and storage type 68 to detector store 
DetDescrCnvSvc                                       INFO  filling address for STGCIDHELPER with CLID 4174 and storage type 68 to detector store 
DetDescrCnvSvc                                       INFO  filling address for MMIDHELPER with CLID 4175 and storage type 68 to detector store 
DetDescrCnvSvc                                       INFO  filling address for CaloLVL1_ID with CLID 108133391 and storage type 68 to detector store 
DetDescrCnvSvc                                       INFO  filling address for CaloCell_ID with CLID 123500438 and storage type 68 to detector store 
DetDescrCnvSvc                                       INFO  filling address for CaloCell_SuperCell_ID with CLID 128365736 and storage type 68 to detector store 
DetDescrCnvSvc                                       INFO  filling address for CaloDM_ID with CLID 167756483 and storage type 68 to detector store 
DetDescrCnvSvc                                       INFO  filling address for ZdcID with CLID 190591643 and storage type 68 to detector store 
DetDescrCnvSvc                                       INFO  filling address for JTower_ID with CLID 218674799 and storage type 68 to detector store 
DetDescrCnvSvc                                       INFO  filling address for GTower_ID with CLID 49678914 and storage type 68 to detector store 
EventPersistencySvc                                  INFO Added successfully Conversion service DetDescrCnvSvc
IdDictDetDescrCnv                                    INFO in initialize
IdDictDetDescrCnv                                    INFO in createObj: creating a IdDictManager object in the detector store
IdDictDetDescrCnv                                    INFO IdDictName:  IdDictParser/ATLAS_IDS.xml
IdDictDetDescrCnv                                    INFO Reading InnerDetector    IdDict file InDetIdDict.xml
IdDictDetDescrCnv                                    INFO Reading LArCalorimeter   IdDict file IdDictParser/IdDictLArCalorimeter_DC3-05-Comm-01.xml
IdDictDetDescrCnv                                    INFO Reading TileCalorimeter  IdDict file IdDictParser/IdDictTileCalorimeter.xml
IdDictDetDescrCnv                                    INFO Reading Calorimeter      IdDict file IdDictParser/IdDictCalorimeter_L1Onl.xml
IdDictDetDescrCnv                                    INFO Reading MuonSpectrometer IdDict file IdDictParser/IdDictMuonSpectrometer_R.09.03.xml
IdDictDetDescrCnv                                    INFO Reading ForwardDetectors IdDict file IdDictParser/IdDictForwardDetectors.xml
Bad field index for strip index 8 in dictionary InnerDetector region #114 group sct tag  size 7
Bad field index for barrel_endcap index 2 in dictionary InnerDetector region #123 group plr tag  size 3
Bad field index for disk index 3 in dictionary InnerDetector region #123 group plr tag  size 4
Bad field index for phi_module index 4 in dictionary InnerDetector region #123 group plr tag  size 5
Bad field index for eta_module index 5 in dictionary InnerDetector region #123 group plr tag  size 6
Bad field index for phi_index index 6 in dictionary InnerDetector region #123 group plr tag  size 7
Bad field index for eta_index index 7 in dictionary InnerDetector region #123 group plr tag  size 8
IdDictDetDescrCnv                                    INFO Found id dicts:
IdDictDetDescrCnv                                    INFO Using dictionary tag: <no tag>
IdDictDetDescrCnv                                    INFO Dictionary ATLAS                version default              DetDescr tag (using default) file 
IdDictDetDescrCnv                                    INFO Dictionary Calorimeter          version default              DetDescr tag CaloIdentifier-LVL1-02 file IdDictParser/IdDictCalorimeter_L1Onl.xml
IdDictDetDescrCnv                                    INFO Dictionary ForwardDetectors     version default              DetDescr tag ForDetIdentifier-00       file IdDictParser/IdDictForwardDetectors.xml
IdDictDetDescrCnv                                    INFO Dictionary InnerDetector        version ITkHGTDPLR           DetDescr tag (using default) file InDetIdDict.xml
IdDictDetDescrCnv                                    INFO Dictionary LArCalorimeter       version fullAtlas            DetDescr tag LArIdentifier-DC3-05-Comm file IdDictParser/IdDictLArCalorimeter_DC3-05-Comm-01.xml
IdDictDetDescrCnv                                    INFO Dictionary LArElectrode         version fullAtlas            DetDescr tag (using default) file 
IdDictDetDescrCnv                                    INFO Dictionary LArHighVoltage       version fullAtlas            DetDescr tag (using default) file 
IdDictDetDescrCnv                                    INFO Dictionary MuonSpectrometer     version R.09.03              DetDescr tag MuonIdentifier-16         file IdDictParser/IdDictMuonSpectrometer_R.09.03.xml
IdDictDetDescrCnv                                    INFO Dictionary TileCalorimeter      version fullAtlasAndTestBeam DetDescr tag TileIdentifier-00         file IdDictParser/IdDictTileCalorimeter.xml
PixelID                                              INFO Initialize from dictionary
AtlasDetectorID                                      INFO initialize_from_dictionary - OK
indet 1 2,4,5,7,10,11,12,13 7 1fffffffffffffff 61 3 0 min/max 2 13 values  2 4 5 7 10 11 12 13 indexes  0 0 1 2 0 3 0 0 4 5 6 7 indices  8 prev  0 next  0 mode  enumerated  cont mode  none  
pixel 1 1:4 3 e7ffffffffffffff 59 2 3 min/max 1 4 values  indexes  indices  4 prev  0 next  0 mode  both_bounded  cont mode  none  
bec 1 -2,0,2 3 f9ffffffffffffff 57 2 5 min/max -2 2 values  -2 0 2 indexes  0 0 1 0 2 indices  3 prev  0 next  0 mode  enumerated  cont mode  none  
bec_shift 0 0 0 0 0 0 0 min/max 0 0 values  indexes  indices  0 prev  0 next  0 mode  both_bounded  cont mode  none  
lay_disk 0 0:8 f fe1fffffffffffff 53 4 7 min/max 0 8 values  indexes  indices  9 prev  0 next  0 mode  both_bounded  cont mode  none  
lay_disk_shift 0 0 0 0 0 0 0 min/max 0 0 values  indexes  indices  0 prev  0 next  0 mode  both_bounded  cont mode  none  
phi_mod 0 0:55 3f ffe07fffffffffff 47 6 11 min/max 0 55 values  indexes  indices  56 prev  0 next  0 mode  both_bounded  cont mode  none  
phi_mod_shift 0 0 0 0 0 0 0 min/max 0 0 values  indexes  indices  0 prev  0 next  0 mode  both_bounded  cont mode  none  
eta_mod 1 -12:22 3f ffff81ffffffffff 41 6 17 min/max -12 22 values  indexes  indices  35 prev  0 next  0 mode  both_bounded  cont mode  none  
eta_mod_shift 0 0 0 0 0 0 0 min/max 0 0 values  indexes  indices  0 prev  0 next  0 mode  both_bounded  cont mode  none  
phi_index 0 0:772 3ff fffffe007fffffff 31 10 23 min/max 0 772 values  indexes  indices  773 prev  0 next  0 mode  both_bounded  cont mode  none  
eta_index 0 0:804 3ff ffffffff801fffff 21 10 33 min/max 0 804 values  indexes  indices  805 prev  0 next  0 mode  both_bounded  cont mode  none  
bec_eta_mod 0 0 0 0 0 0 0 min/max 0 0 values  indexes  indices  0 prev  0 next  0 mode  both_bounded  cont mode  none  
PixelID::initLevelsFromDict - found levels 
subdet        0
part          1
barrel_endcap 2
layer or disk 3
phi_module    4
eta_module    5
phi_index     6
eta_index     7
GeoModelSvc.ITk::PixelDetectorTool                   INFO Trying new ITkPixel database location.
GeoModelSvc.ITk::PixelDetectorTool                   INFO Using PixelXDD-02-00 from ATLAS tag ATLAS-P2-RUN4-01-01-00
GeoModelSvc.ITk::PixelDetectorTool                   INFO Getting ITkPixel GeoModelXml description from the geometry database
Transcoded it
Parsed it
Database string successfully parsed.
GeoModelXML-INFO: Set up detector geometry from db-string 
which adds sub-detector ITk_Pixel
GeoModelSvc.ITk::PixelDetectorTool                   INFO 

Pixel Numerology:
===============

Number of parts is 3
GeoModelSvc.ITk::PixelDetectorTool                   INFO     Found barrel with index 0
        Number of barrel layers = 5
        layer = 0 has 24 etaModules each with 12 phi modules
        layer = 1 has 12 etaModules each with 20 phi modules
        layer = 2 has 18 etaModules each with 32 phi modules
        layer = 3 has 18 etaModules each with 44 phi modules
        layer = 4 has 18 etaModules each with 56 phi modules
    Found endcap with index -2
        Number of endcap layers = 9
        Layer 0 has 15 disks
        Layer 1 has 6 disks
        Layer 2 has 23 disks
        Layer 3 has 6 disks
        Layer 4 has 11 disks
        Layer 5 has 8 disks
        Layer 6 has 8 disks
        Layer 7 has 9 disks
        Layer 8 has 9 disks
    Found endcap with index 2

GeoModelSvc.ITk::PixelDetectorTool                   INFO Total number of wafers added is 9164
GeoModelSvc.ITk::PixelDetectorTool                   INFO Total number of wafer identifiers is 9164
GeoModelSvc.ITk::PixelDetectorTool                   INFO Max. eta cells is 800
GeoModelSvc.ITk::PixelDetectorTool                   INFO Max. phi cells is 768
GeoModelSvc.ITk::PixelDetectorTool                   INFO End of numerology

GeoModelSvc                                          INFO GeoModelSvc.ITk::PixelDetectorTool	 SZ= 51508Kb 	 Time = 0.74S
GeoModelSvc.BeamPipeDetectorTool                     INFO Building Beam Pipe
GeoModelSvc                                          INFO GeoModelSvc.BeamPipeDetectorTool	 SZ= 0Kb 	 Time = 0.01S
LArElectrodeIDDetDescrCnv                            INFO in createObj: creating a LArElectrodeID helper object in the detector store
LArElectrodeID                                       INFO  => initialize_from_dictionary()
AtlasDetectorID                                      INFO initialize_from_dictionary - OK
AtlasDetectorID                                      INFO initialize_from_dictionary - OK
LArHVLineIDDetDescrCnv                               INFO in createObj: creating a LArHVLineID helper object in the detector store
LArHVLineID                                          INFO  => initialize_from_dictionary()
AtlasDetectorID                                      INFO initialize_from_dictionary - OK
AtlasDetectorID                                      INFO initialize_from_dictionary - OK
LArHVLineID                                          INFO  => initialize_from_dictionary(dict_mgr) =0
LArHVLineID                                          INFO Register_dict_tag of LArHighVoltage is OK
LArHVLineID                                          INFO setDictVersion of LArHighVoltage is OK
LArHVLineID                                          INFO [initLevelsFromDict] m_dict OK ... 
LArHVLineID                                          INFO [initialize_from_dictionary] >  HV line range -> 11/1/48:79/0:15 | 11/1/148:179/0:15 | 11/1/80:93/0:7 | 11/1/180:193/0:7 | 11/1/200:231/0:15 | 11/1/232:263/0:15 | 11/1/296,297,306,307/0:15 | 11/1/299,304,305,308,309/0:15 | 11/1/264:279/0:15 | 11/1/280:295/0:15 | 11/1/0:47/0:15 | 11/1/320:322/0:15 | 11/1/100:147/0:15 | 11/1/324,325/0:15 | 11/1/312:315/0:15 | 11/1/316:319/0:15 | 11/1/300:303/0:15 | 11/1/310,311/0:15 | 11/1/323/0:15 | 11/1/326,327/0:15 | 11/1/94:99/0:15 | 11/1/194:199/0:15
LArHVLineID                                          INFO [init_hashes()] > Hvline_size= 5008
GeoModelSvc.LArDetectorToolNV                        INFO Keys for LAr are ATLAS-P2-RUN4-01-01-00  ATLAS
GeoModelSvc.LArDetectorToolNV                        INFO Building LAr version LAr-Revised-20 while ATLAS version is ATLAS-P2-RUN4-01-01-00
GeoModelSvc.LArDetectorToolNV                        INFO LAr Geometry Options:
GeoModelSvc.LArDetectorToolNV                        INFO   Sagging           = false
GeoModelSvc.LArDetectorToolNV                        INFO   Barrel            = ON
GeoModelSvc.LArDetectorToolNV                        INFO   Endcap            = ON
BarrelConstruction                                   INFO Getting primary numbers for ATLAS, ATLAS-P2-RUN4-01-01-00
BarrelConstruction                                   INFO   Makes detailed absorber sandwich  ? 1 1
BarrelConstruction                                   INFO   Use sagging in geometry  ? 0
EMECConstruction                                     INFO multi-layered version of absorbers activated, parameter value is 1
EMECConstruction                                     INFO activating LAr::EMEC::Pos::InnerWheel
EMECConstruction                                     INFO activating LAr::EMEC::Pos::OuterWheel
EndcapDMConstruction                                 INFO Start building EC electronics geometry
EMECConstruction                                     INFO multi-layered version of absorbers activated, parameter value is 1
EMECConstruction                                     INFO activating LAr::EMEC::Neg::InnerWheel
EMECConstruction                                     INFO activating LAr::EMEC::Neg::OuterWheel
EndcapDMConstruction                                 INFO Start building EC electronics geometry
GeoModelSvc                                          INFO GeoModelSvc.LArDetectorToolNV	 SZ= 13564Kb 	 Time = 0.51S
GeoModelSvc.TileDetectorTool                         INFO  Entering TileDetectorTool::create()
TileDddbManager                                      INFO m_tag = ATLAS-P2-RUN4-01-01-00
TileDddbManager                                      INFO n_tiglob = 5
TileDddbManager                                      INFO n_timod = 320
TileDddbManager                                      INFO n_cuts = 9
TileDddbManager                                      INFO n_saddle = 1
TileDddbManager                                      INFO n_tilb = 20
TileDddbManager                                      INFO n_tileSwitches = 1
ClassIDSvc                                           INFO getRegistryEntries: read 4198 CLIDRegistry entries for module ALL
AtlasDetectorID                                      INFO initialize_from_dictionary - OK
TileNeighbour                                        INFO Reading file  /cvmfs/atlas.cern.ch/repo/sw/software/25.0/Athena/25.0.22/InstallArea/x86_64-el9-gcc13-opt/share/TileNeighbour_reduced.txt
TileHWIDDetDescrCnv                                  INFO in createObj: creating a TileHWID helper object in the detector store
TileHWID                                             INFO initialize_from_dictionary 
AtlasDetectorID                                      INFO initialize_from_dictionary - OK
ClassIDSvc                                           INFO getRegistryEntries: read 106 CLIDRegistry entries for module ALL
AtlasDetectorID                                      INFO initialize_from_dictionary - OK
AtlasDetectorID                                      INFO initialize_from_dictionary - OK
AtlasDetectorID                                      INFO initialize_from_dictionary - OK
LArFCAL_Base_ID                                      INFO Reading file /cvmfs/atlas.cern.ch/repo/sw/software/25.0/Athena/25.0.22/InstallArea/x86_64-el9-gcc13-opt/share/FCal2DNeighbors-April2011.txt
LArFCAL_Base_ID                                      INFO Reading file /cvmfs/atlas.cern.ch/repo/sw/software/25.0/Athena/25.0.22/InstallArea/x86_64-el9-gcc13-opt/share/FCal3DNeighborsNext-April2011.txt
LArFCAL_Base_ID                                      INFO Reading file /cvmfs/atlas.cern.ch/repo/sw/software/25.0/Athena/25.0.22/InstallArea/x86_64-el9-gcc13-opt/share/FCal3DNeighborsPrev-April2011.txt
AtlasDetectorID                                      INFO initialize_from_dictionary - OK
LArMiniFCAL_ID                                       INFO  initialize_from_dict - LArCalorimeter dictionary does NOT contain miniFCAL description. Unable to initialize LArMiniFCAL_ID.
AtlasDetectorID                                      INFO initialize_from_dictionary - OK
GeoModelSvc.TileDetectorTool                         INFO Ushape parameter from database is: 1
GeoModelSvc.TileDetectorTool                         INFO Glue parameter from database is: 1
GeoModelSvc.TileDetectorTool                         INFO PVT parameter from database is: 1
GeoModelSvc.TileDetectorTool                         INFO Steel parameter from database is: 0
GeoModelSvc.TileDetectorTool                         INFO CsTube parameter from database is: 0
GeoModelSvc.TileDetectorTool                         INFO  Entering TileAtlasFactory::create()
GeoModelSvc.TileDetectorTool                         INFO  Tile Geometry with Saddle supports, starting from TileCal-CSC-02 xxx
GeoModelSvc.TileDetectorTool                         INFO  Positioning barrel with translation 0
GeoModelSvc.TileDetectorTool                         INFO  Positioning positive barrel finger with translation 3035.25
GeoModelSvc.TileDetectorTool                         INFO  Positioning negative barrel finger with translation -3030.25
GeoModelSvc.TileDetectorTool                         INFO  Positioning positive ext.barrel with translation 4854.75
GeoModelSvc.TileDetectorTool                         INFO  Positioning positive ext.barrel finger with translation ztrans= 6338.5
GeoModelSvc.TileDetectorTool                         INFO  Positioning positive ext.barrel saddle with translation ztrans= 6192.5
GeoModelSvc.TileDetectorTool                         INFO  Positive ITC envelope parameters: PLUG1  Rmin= 3438.85 Rmax= 4250 dzITC1= 154.5
GeoModelSvc.TileDetectorTool                         INFO                                    PLUG2  Rmin= 2981 Rmax= 3440 dzITC2= 47.425
GeoModelSvc.TileDetectorTool                         INFO  Positioning positive ITC with translation 3405
GeoModelSvc.TileDetectorTool                         INFO  Positioning positive Gap with translation 3552
GeoModelSvc.TileDetectorTool                         INFO  Positioning positive Crack with translation 3536
GeoModelSvc.TileDetectorTool                         INFO  Positioning negative ext.barrel with translation ztrans -4854.75
GeoModelSvc.TileDetectorTool                         INFO  Positioning negative ext.barrel finger with translation ztrans= -6338.5
GeoModelSvc.TileDetectorTool                         INFO  Positioning negative ext.barrel saddle with translation ztrans= -6192.5
GeoModelSvc.TileDetectorTool                         INFO  Negative ITC envelope parameters: PLUG1  Rmin= 3438.85 Rmax= 4250 dzITC1= 154.5
GeoModelSvc.TileDetectorTool                         INFO                                    PLUG2  Rmin= 2981 Rmax= 3440 dzITC2= 47.425
GeoModelSvc.TileDetectorTool                         INFO  Positioning negative ITC with translation -3405
GeoModelSvc.TileDetectorTool                         INFO  Positioning negative Gap with translation -3552
GeoModelSvc.TileDetectorTool                         INFO  Positioning negative Crack with translation -3536
GeoModelSvc.TileDetectorTool                         INFO  Global positioning of barrel with rotation (0,0,0)) and translation (0,0,0) Gaudi::Units::cm
GeoModelSvc.TileDetectorTool                         INFO  Global positioning of positive ext.barrel with rotation (0,0,0)) and translation (0,0,0) Gaudi::Units::cm
GeoModelSvc.TileDetectorTool                         INFO  Global positioning of negative ext.barrel with rotation (0,0,0)) and translation (0,0,1) Gaudi::Units::cm
TileDetDescrManager                                  INFO Entering create_elements()
GeoModelSvc                                          INFO GeoModelSvc.TileDetectorTool	 SZ= 9644Kb 	 Time = 0.22S
SCT_ID                                               INFO 
AtlasDetectorID                                      INFO initialize_from_dictionary - OK
GeoModelSvc.ITk::StripDetectorTool                   INFO Trying new ITkStrip database location.
GeoModelSvc.ITk::StripDetectorTool                   INFO Using StripXDD-02-00 from ATLAS tag ATLAS-P2-RUN4-01-01-00
GeoModelSvc.ITk::StripDetectorTool                   INFO Getting ITkStrip GeoModelXml description from the geometry database
Transcoded it
Parsed it
Database string successfully parsed.
GeoModelXML-INFO: Set up detector geometry from db-string 
which adds sub-detector LTF Strip layout
copy = 0; level = 2
Add Alignable named WheelOther with id 0
copy = 1; level = 2
Add Alignable named WheelOther with id 1
copy = 2; level = 2
Add Alignable named WheelOther with id 2
copy = 3; level = 2
Add Alignable named WheelOther with id 3
copy = 4; level = 2
Add Alignable named WheelOther with id 4
copy = 5; level = 2
Add Alignable named WheelOther with id 5
copy = 0; level = 2
Add Alignable named Wheel with id 0
copy = 1; level = 2
Add Alignable named Wheel with id 1
copy = 2; level = 2
Add Alignable named Wheel with id 2
copy = 3; level = 2
Add Alignable named Wheel with id 3
copy = 4; level = 2
Add Alignable named Wheel with id 4
copy = 5; level = 2
Add Alignable named Wheel with id 5
GeoModelSvc.ITk::StripDetectorTool                   INFO 

SCT Numerology:
===============

Number of parts is 3

GeoModelSvc.ITk::StripDetectorTool                   INFO   Found barrel with index 0
    Number of barrel layers = 4
    layer = 0 has 112 etaModules each with 28 phi modules
    layer = 1 has 112 etaModules each with 40 phi modules
    layer = 2 has 56 etaModules each with 56 phi modules
    layer = 3 has 56 etaModules each with 72 phi modules
  Found endcap with index -2
    Number of endcap wheels = 6
    Wheel 0 has 18 rings
      Ring 0 has 32 phi modules
      Ring 1 has 32 phi modules
      Ring 2 has 32 phi modules
      Ring 3 has 32 phi modules
      Ring 4 has 32 phi modules
      Ring 5 has 32 phi modules
      Ring 6 has 32 phi modules
      Ring 7 has 32 phi modules
      Ring 8 has 32 phi modules
      Ring 9 has 32 phi modules
      Ring 10 has 64 phi modules
      Ring 11 has 64 phi modules
      Ring 12 has 64 phi modules
      Ring 13 has 64 phi modules
      Ring 14 has 64 phi modules
      Ring 15 has 64 phi modules
      Ring 16 has 64 phi modules
      Ring 17 has 64 phi modules
    Wheel 1 has 18 rings
      Ring 0 has 32 phi modules
      Ring 1 has 32 phi modules
      Ring 2 has 32 phi modules
      Ring 3 has 32 phi modules
      Ring 4 has 32 phi modules
      Ring 5 has 32 phi modules
      Ring 6 has 32 phi modules
      Ring 7 has 32 phi modules
      Ring 8 has 32 phi modules
      Ring 9 has 32 phi modules
      Ring 10 has 64 phi modules
      Ring 11 has 64 phi modules
      Ring 12 has 64 phi modules
      Ring 13 has 64 phi modules
      Ring 14 has 64 phi modules
      Ring 15 has 64 phi modules
      Ring 16 has 64 phi modules
      Ring 17 has 64 phi modules
    Wheel 2 has 18 rings
      Ring 0 has 32 phi modules
      Ring 1 has 32 phi modules
      Ring 2 has 32 phi modules
      Ring 3 has 32 phi modules
      Ring 4 has 32 phi modules
      Ring 5 has 32 phi modules
      Ring 6 has 32 phi modules
      Ring 7 has 32 phi modules
      Ring 8 has 32 phi modules
      Ring 9 has 32 phi modules
      Ring 10 has 64 phi modules
      Ring 11 has 64 phi modules
      Ring 12 has 64 phi modules
      Ring 13 has 64 phi modules
      Ring 14 has 64 phi modules
      Ring 15 has 64 phi modules
      Ring 16 has 64 phi modules
      Ring 17 has 64 phi modules
    Wheel 3 has 18 rings
      Ring 0 has 32 phi modules
      Ring 1 has 32 phi modules
      Ring 2 has 32 phi modules
      Ring 3 has 32 phi modules
      Ring 4 has 32 phi modules
      Ring 5 has 32 phi modules
      Ring 6 has 32 phi modules
      Ring 7 has 32 phi modules
      Ring 8 has 32 phi modules
      Ring 9 has 32 phi modules
      Ring 10 has 64 phi modules
      Ring 11 has 64 phi modules
      Ring 12 has 64 phi modules
      Ring 13 has 64 phi modules
      Ring 14 has 64 phi modules
      Ring 15 has 64 phi modules
      Ring 16 has 64 phi modules
      Ring 17 has 64 phi modules
    Wheel 4 has 18 rings
      Ring 0 has 32 phi modules
      Ring 1 has 32 phi modules
      Ring 2 has 32 phi modules
      Ring 3 has 32 phi modules
      Ring 4 has 32 phi modules
      Ring 5 has 32 phi modules
      Ring 6 has 32 phi modules
      Ring 7 has 32 phi modules
      Ring 8 has 32 phi modules
      Ring 9 has 32 phi modules
      Ring 10 has 64 phi modules
      Ring 11 has 64 phi modules
      Ring 12 has 64 phi modules
      Ring 13 has 64 phi modules
      Ring 14 has 64 phi modules
      Ring 15 has 64 phi modules
      Ring 16 has 64 phi modules
      Ring 17 has 64 phi modules
    Wheel 5 has 18 rings
      Ring 0 has 32 phi modules
      Ring 1 has 32 phi modules
      Ring 2 has 32 phi modules
      Ring 3 has 32 phi modules
      Ring 4 has 32 phi modules
      Ring 5 has 32 phi modules
      Ring 6 has 32 phi modules
      Ring 7 has 32 phi modules
      Ring 8 has 32 phi modules
      Ring 9 has 32 phi modules
      Ring 10 has 64 phi modules
      Ring 11 has 64 phi modules
      Ring 12 has 64 phi modules
      Ring 13 has 64 phi modules
      Ring 14 has 64 phi modules
      Ring 15 has 64 phi modules
      Ring 16 has 64 phi modules
      Ring 17 has 64 phi modules
  Found endcap with index 2

GeoModelSvc.ITk::StripDetectorTool                   INFO Total number of wafers added is 49536
GeoModelSvc.ITk::StripDetectorTool                   INFO Total number of wafer identifiers is 49536
GeoModelSvc.ITk::StripDetectorTool                   INFO Max. eta cells is 1
GeoModelSvc.ITk::StripDetectorTool                   INFO Max. phi cells is 1536
GeoModelSvc.ITk::StripDetectorTool                   INFO Max. no. strips is 1536
GeoModelSvc.ITk::StripDetectorTool                   INFO End of numerology

GeoModelSvc                                          INFO GeoModelSvc.ITk::StripDetectorTool	 SZ= 116172Kb 	 Time = 2.11S
HGTD_IDDetDescrCnv                                   INFO in createObj: creating a HGTD_ID helper object in the detector store
HGTD_ID                                              INFO Initialize from dictionary
AtlasDetectorID                                      INFO initialize_from_dictionary - OK
indet 1 2,4,5,7,10,11,12,13 7 1fffffffffffffff 61 3 0 min/max 2 13 values  2 4 5 7 10 11 12 13 indexes  0 0 1 2 0 3 0 0 4 5 6 7 indices  8 prev  0 next  0 mode  enumerated  cont mode  none  
hgtd 1 1:4 3 e7ffffffffffffff 59 2 3 min/max 1 4 values  indexes  indices  4 prev  0 next  0 mode  both_bounded  cont mode  none  
ec 1 -2,2 1 fbffffffffffffff 58 1 5 min/max -2 2 values  -2 2 indexes  0 0 0 0 1 indices  2 prev  0 next  0 mode  enumerated  cont mode  none  
layer 0 0:3 3 fcffffffffffffff 56 2 6 min/max 0 3 values  indexes  indices  4 prev  0 next  0 mode  both_bounded  cont mode  none  
phi_mod 1 1:84 7f ff01ffffffffffff 49 7 8 min/max 1 84 values  indexes  indices  84 prev  0 next  0 mode  both_bounded  cont mode  none  
eta_mod 1 1:19 1f fffe0fffffffffff 44 5 15 min/max 1 19 values  indexes  indices  19 prev  0 next  0 mode  both_bounded  cont mode  none  
phi_index 0 0:14 f fffff0ffffffffff 40 4 20 min/max 0 14 values  indexes  indices  15 prev  0 next  0 mode  both_bounded  cont mode  none  
eta_index 0 0:29 1f ffffff07ffffffff 35 5 24 min/max 0 29 values  indexes  indices  30 prev  0 next  0 mode  both_bounded  cont mode  none  
HGTD_ID::initLevelsFromDict - found levels 
subdet        0
part          1
endcap        2
layer         3
phi_module    4
eta_module    5
phi_index     6
eta_index     7
GeoModelSvc.HGTD_GMX_DetectorTool                    INFO Using HGTDXDD-01-01 from ATLAS tag ATLAS-P2-RUN4-01-01-00
GeoModelSvc.HGTD_GMX_DetectorTool                    INFO Getting HGTD GeoModelXml description from the geometry database
Transcoded it
Parsed it
Database string successfully parsed.
GeoModelXML-INFO: Set up detector geometry from db-string 
which adds sub-detector HGTD
GeoModelSvc                                          INFO GeoModelSvc.HGTD_GMX_DetectorTool	 SZ= 75632Kb 	 Time = 0.92S
ClassIDSvc                                           INFO getRegistryEntries: read 107 CLIDRegistry entries for module ALL
GeoModelSvc.HGTD_GMX_DetectorTool                    INFO Alignment disabled. No callback registered
GeoModelSvc                                          INFO   AlgTool: GeoModelSvc.ITk::PixelDetectorTool
GeoModelSvc                                          INFO   AlgTool: GeoModelSvc.BeamPipeDetectorTool
GeoModelSvc                                          INFO   AlgTool: GeoModelSvc.LArDetectorToolNV
GeoModelSvc                                          INFO   AlgTool: GeoModelSvc.TileDetectorTool
GeoModelSvc                                          INFO   AlgTool: GeoModelSvc.ITk::StripDetectorTool
GeoModelSvc                                          INFO   AlgTool: GeoModelSvc.HGTD_GMX_DetectorTool
AthenaEventLoopMgr                                   INFO Initializing AthenaEventLoopMgr
ClassIDSvc                                           INFO getRegistryEntries: read 1893 CLIDRegistry entries for module ALL
ClassIDSvc                                           INFO getRegistryEntries: read 174 CLIDRegistry entries for module ALL
ClassIDSvc                                           INFO getRegistryEntries: read 222 CLIDRegistry entries for module ALL
ClassIDSvc                                           INFO getRegistryEntries: read 2562 CLIDRegistry entries for module ALL
ClassIDSvc                                           INFO getRegistryEntries: read 115 CLIDRegistry entries for module ALL
ClassIDSvc                                           INFO getRegistryEntries: read 240 CLIDRegistry entries for module ALL
ClassIDSvc                                           INFO getRegistryEntries: read 178 CLIDRegistry entries for module ALL
CondInputLoader                                      INFO Initializing CondInputLoader...
AthDictLoaderSvc                                     INFO in initialize...
AthDictLoaderSvc                                     INFO acquired Dso-registry
CondInputLoader                                      INFO Adding base classes:
  +  ( 'AlignableTransformContainer' , 'ConditionStore+/Indet/Align' )   -> no bases
  +  ( 'CaloRec::CaloCellPositionShift' , 'ConditionStore+LArCellPositionShift' )   -> no bases
  +  ( 'CondAttrListCollection' , 'ConditionStore+/EXT/DCS/MAGNETS/SENSORDATA' )   ->
  +  ( 'CondAttrListCollection' , 'ConditionStore+/GLOBAL/BField/Maps' )   ->
  +  ( 'DetCondKeyTrans' , 'ConditionStore+/LAR/Align' )   ->
CondInputLoader                                      INFO Will create WriteCondHandle dependencies for the following DataObjects:
    +  ( 'AlignableTransformContainer' , 'ConditionStore+/Indet/Align' ) 
    +  ( 'CaloRec::CaloCellPositionShift' , 'ConditionStore+LArCellPositionShift' ) 
    +  ( 'CondAttrListCollection' , 'ConditionStore+/EXT/DCS/MAGNETS/SENSORDATA' ) 
    +  ( 'CondAttrListCollection' , 'ConditionStore+/GLOBAL/BField/Maps' ) 
    +  ( 'DetCondKeyTrans' , 'ConditionStore+/LAR/Align' ) 
ClassIDSvc                                           INFO getRegistryEntries: read 73 CLIDRegistry entries for module ALL
AtlasDetectorID                                      INFO initialize_from_dictionary - OK
AtlasDetectorID                                      INFO initialize_from_dictionary - OK
AtlasDetectorID                                      INFO initialize_from_dictionary - OK
LArFCAL_Base_ID                                      INFO Reading file /cvmfs/atlas.cern.ch/repo/sw/software/25.0/Athena/25.0.22/InstallArea/x86_64-el9-gcc13-opt/share/FCalSuperCells2DNeighborsNew-April2014.txt
LArFCAL_Base_ID                                      INFO Reading file /cvmfs/atlas.cern.ch/repo/sw/software/25.0/Athena/25.0.22/InstallArea/x86_64-el9-gcc13-opt/share/FCalSuperCells3DNeighborsNextNew-April2014.txt
LArFCAL_Base_ID                                      INFO Reading file /cvmfs/atlas.cern.ch/repo/sw/software/25.0/Athena/25.0.22/InstallArea/x86_64-el9-gcc13-opt/share/FCalSuperCells3DNeighborsPrevNew-April2014.txt
AtlasDetectorID                                      INFO initialize_from_dictionary - OK
TileNeighbour                                        INFO Reading file  /cvmfs/atlas.cern.ch/repo/sw/software/25.0/Athena/25.0.22/InstallArea/x86_64-el9-gcc13-opt/share/TileSuperCellNeighbour.txt
AtlasDetectorID                                      INFO initialize_from_dictionary - OK
CaloSuperCellAlignCondAlg.CaloSuperCellIDTool        INFO Done with initIDMap
ActsTrackingGeometrySvc                              INFO ActsTrackingGeometrySvc is initializing
ActsTrackingGeometrySvc                              INFO ACTS version is: v37.4.0 [GITDIR-NOTFOUND-dirty]
ActsTrackingGeometrySvc                              INFO Configured to build 3 subdetectors:
ActsTrackingGeometrySvc                              INFO  - HGTD
ActsTrackingGeometrySvc                              INFO  - ITkPixel
ActsTrackingGeometrySvc                              INFO  - ITkStrip
ActsTrackingGeometrySvc                              INFO Configured to use material input: /cvmfs/atlas.cern.ch/repo/sw/database/GroupData/ACTS/MaterialMaps/ITk/material-maps-ATLAS-P2-RUN4-01-01-00-ITk-HGTD.json
ActsTrackingGeometrySvc                              INFO Acts TrackingGeometry construction completed
ClassIDSvc                                           INFO getRegistryEntries: read 999 CLIDRegistry entries for module ALL
AtlasFieldMapCondAlg                                 INFO Initialize: Will update the field map from conditions
AtlasFieldCacheCondAlg                               INFO Initialize: Will update current from conditions
AtlasFieldCacheCondAlg                               INFO Initialize: useDCS, useSoleCurrent, useToroCurrent. 1,  'UseSoleCurrent':7730.0000,  'UseToroCurrent':20400.000 LockMapCurrents 0
ClassIDSvc                                           INFO getRegistryEntries: read 2434 CLIDRegistry entries for module ALL
WARNING: No material in detector

WARNING: No entries in volume finder

Detector check: OK
WARNING: No material in detector

WARNING: No entries in volume finder

Detector check: OK
WARNING: No material in detector

WARNING: No entries in volume finder

Detector check: OK
TrackingAlg.TrackingRecoTool                         INFO Constructing athena to detray map
TrackingAlg.TrackConver...ActsTrackingGeometryTool   INFO TrackingAlg.TrackConversionTool.ActsTrackingGeometryTool initializing
ClassIDSvc                                           INFO getRegistryEntries: read 639 CLIDRegistry entries for module ALL
TrackingAlg.TrackConver...ActsTrackingGeometryTool   INFO TrackingAlg.TrackConversionTool.ActsToTrkConverterTool.ActsTrackingGeometryTool initializing
WARNING: No material in detector

WARNING: No entries in volume finder

Detector check: OK
FPEAuditor                                        WARNING FPE INVALID in [Initialize] of [TrackingAlg] 0 0
TracccTrackToAltTrackParti...ActsExtrapolationTool   INFO Initializing ACTS extrapolation
TracccTrackToAltTrackPa...ActsTrackingGeometryTool   INFO TracccTrackToAltTrackParticleCnvAlg.ActsExtrapolationTool.ActsTrackingGeometryTool initializing
TracccTrackToAltTrackParti...ActsExtrapolationTool   INFO Using ATLAS magnetic field service
TracccTrackToAltTrackParti...ActsExtrapolationTool   INFO ACTS extrapolation successfully initialized
ClassIDSvc                                           INFO getRegistryEntries: read 348 CLIDRegistry entries for module ALL
StreamAOD.StreamAOD_TopFolder                     WARNING add: can not find type [xAOD::TrackStatesContainer] in clid db
StreamAOD.StreamAOD_TopFolder                     WARNING add: can not find type [xAOD::TrackStatesAuxContainer] in clid db
DecisionSvc                                          INFO Inserting stream: StreamAOD with no Algs
StreamAOD.StreamAODTool                              INFO Initializing StreamAOD.StreamAODTool
StreamAOD                                            INFO Found HelperTools = PrivateToolHandleArray(['Athena::ThinningCacheTool/ThinningCacheTool_StreamAOD'])
StreamAOD                                            INFO Data output: 
StreamAOD                                            INFO I/O reinitialization...
ClassIDSvc                                           INFO getRegistryEntries: read 50 CLIDRegistry entries for module ALL
ApplicationMgr                                       INFO Application Manager Initialized successfully
ClassIDSvc                                           INFO getRegistryEntries: read 4 CLIDRegistry entries for module ALL
CondInputLoader                                      INFO created CondCont<AlignableTransformContainer> with key 'ConditionStore+/Indet/Align'
CondInputLoader                                      INFO created CondCont<CaloRec::CaloCellPositionShift> with key 'ConditionStore+LArCellPositionShift'
CondInputLoader                                      INFO created CondCont<CondAttrListCollection> with key 'ConditionStore+/EXT/DCS/MAGNETS/SENSORDATA'
CondInputLoader                                      INFO created CondCont<CondAttrListCollection> with key 'ConditionStore+/GLOBAL/BField/Maps'
CondInputLoader                                      INFO created CondCont<DetCondKeyTrans> with key 'ConditionStore+/LAR/Align'
ApplicationMgr                                       INFO Application Manager Started successfully
AthenaEventLoopMgr                                   INFO   ===>>>  start of run 1    <<<===
IOVDbSvc                                             INFO Opening COOL connection for COOLOFL_LAR/OFLP200
IOVDbFolder                                          INFO HVS tag OFLCOND-MC15c-SDR-14-05 resolved to LARAlign-IOVDEP-00 for folder /LAR/Align
IOVDbFolder                                          INFO HVS tag OFLCOND-MC15c-SDR-14-05 resolved to LArCellPositionShift-IOVDEP-00 for folder /LAR/LArCellPositionShift
IOVDbSvc                                             INFO Disconnecting from COOLOFL_LAR/OFLP200
IOVDbSvc                                             INFO Opened read transaction for POOL PersistencySvc
EventPersistencySvc                                  INFO Added successfully Conversion service AthenaPoolCnvSvc
DbSession                                            INFO     Open     DbSession    
Domain[ROOT_All]                                     INFO >   Access   DbDomain     READ      [ROOT_All] 
Domain[ROOT_All]                                     INFO ->  Access   DbDatabase   READ      [ROOT_All] EACFEBD4-9BD2-E211-848A-02163E006B20
Domain[ROOT_All]                                     INFO                           /cvmfs/atlas-condb.cern.ch/repo/conditions/cond09/cond09_mc.000057.gen.COND/cond09_mc.000057.gen.COND._0001.pool.root
RootDatabase.open                                    INFO /cvmfs/atlas-condb.cern.ch/repo/conditions/cond09/cond09_mc.000057.gen.COND/cond09_mc.000057.gen.COND._0001.pool.root File version:52200
AthenaEventLoopMgr                                   INFO   ===>>>  start processing event #1, run #1 0 events processed so far  <<<===
IOVDbSvc                                             INFO Opening COOL connection for COOLOFL_INDET/OFLP200
IOVDbFolder                                          INFO HVS tag OFLCOND-MC15c-SDR-14-05 resolved to InDetAlign_MC15c for folder /Indet/Align
IOVDbSvc                                             INFO Disconnecting from COOLOFL_INDET/OFLP200
Domain[ROOT_All]                                     INFO ->  Access   DbDatabase   READ      [ROOT_All] D0709FD7-6A55-E011-925D-002481043EC0
Domain[ROOT_All]                                     INFO                           /cvmfs/atlas-condb.cern.ch/repo/conditions/cond09/cond09_mc.000029.gen.COND/cond09_mc.000029.gen.COND._0001.pool.root
RootDatabase.open                                    INFO /cvmfs/atlas-condb.cern.ch/repo/conditions/cond09/cond09_mc.000029.gen.COND/cond09_mc.000029.gen.COND._0001.pool.root File version:52600
Domain[ROOT_All]                                     INFO ->  Access   DbDatabase   READ      [ROOT_All] 8667C6F2-1559-DE11-A611-000423D9A21A
Domain[ROOT_All]                                     INFO                           /cvmfs/atlas-condb.cern.ch/repo/conditions/cond08/cond08_mc.000003.gen.COND/cond08_mc.000003.gen.COND._0064.pool.root
RootDatabase.open                                    INFO /cvmfs/atlas-condb.cern.ch/repo/conditions/cond08/cond08_mc.000003.gen.COND/cond08_mc.000003.gen.COND._0064.pool.root File version:52200
IOVDbSvc                                             INFO Opening COOL connection for COOLOFL_DCS/OFLP200
IOVDbFolder                                          INFO HVS tag OFLCOND-MC15c-SDR-14-05 resolved to ExtDCSMagnetsSensorData-001 for folder /EXT/DCS/MAGNETS/SENSORDATA
IOVDbSvc                                             INFO Disconnecting from COOLOFL_DCS/OFLP200
IOVDbSvc                                             INFO Opening COOL connection for COOLOFL_GLOBAL/OFLP200
IOVDbFolder                                          INFO HVS tag OFLCOND-MC15c-SDR-14-05 resolved to BFieldMap-Run1-14m-v01 for folder /GLOBAL/BField/Maps
IOVDbSvc                                             INFO Disconnecting from COOLOFL_GLOBAL/OFLP200
ITkPixelAlignCondAlg                                 INFO recorded new CDO ITkPixelAlignmentStore with range {[INVALID] - [1,l:4294967294]} into Conditions Store
ITkPixelDetectorElementCondAlg                       INFO recorded new CDO ITkPixelDetectorElementCollection with range {[0,t:0,l:0] - [1,t:4294967294.4294967294,l:4294967294]} with size of 9164 into Conditions Store
LArAlignCondAlg                                      INFO recorded new GeoAlignmentStore object for LAr with key LArAlignmentStore and range {[0,l:0] - [177530,l:0]}
CaloIdMgrDetDescrCnv                                 INFO in createObj: creating a CaloDescrManager object in the detector store
ClassIDSvc                                           INFO getRegistryEntries: read 939 CLIDRegistry entries for module ALL
CaloDM_ID                                            INFO initialize_from_dictionary
AtlasDetectorID                                      INFO initialize_from_dictionary - OK
CaloLVL1_ID                                          INFO initialize_from_dictionary
AtlasDetectorID                                      INFO initialize_from_dictionary - OK
TTOnlineID                                           INFO initialize_from_dictionary
AtlasDetectorID                                      INFO initialize_from_dictionary - OK
CaloAlignCondAlg                                     INFO recorded new CaloDetDescr Manager condition object with key CaloDetDescrManager and range {[0,l:0] - [177530,l:0]}
CaloSuperCellAlignCondAlg                            INFO recorded new CaloSuperCellDetDescr Manager condition object with key CaloSuperCellDetDescrManager and range {[0,l:0] - [177530,l:0]}
ITkStripAlignCondAlg                                 INFO recorded new CDO ITkStripAlignmentStore with range {[INVALID] - [1,l:4294967294]} into Conditions Store
ITkStripDetectorElementCondAlg                       INFO recorded new CDO ITkStripDetectorElementCollection with range {[0,t:0,l:0] - [1,t:4294967294.4294967294,l:4294967294]} with size of 49536 into Conditions Store
HGTD_DetectorElementCondAlg                          INFO recorded new CDO HGTD_DetectorElementCollection with range {[0,t:0,l:0] - [4294967294,t:4294967294.4294967294,l:4294967294]} with size of 8032 into Conditions Store
AtlasFieldMapCondAlg                                 INFO updateFieldMap: Update map from conditions
AtlasFieldMapCondAlg                                 INFO updateFieldMap: Update map from conditions: Range of input/output is {[0,l:0] - [INVALID]}
AtlasFieldMapCondAlg                                 INFO updateFieldMap: reading magnetic field map filenames from COOL
AtlasFieldMapCondAlg                                 INFO updateFieldMap: found map of type GlobalMap with soleCur=7730 toroCur=20400 (path file:MagneticFieldMaps/bfieldmap_7730_20400_14m.root)
AtlasFieldMapCondAlg                                 INFO updateFieldMap: found map of type SolenoidMap with soleCur=7730 toroCur=0 (path file:MagneticFieldMaps/bfieldmap_7730_0_14m.root)
AtlasFieldMapCondAlg                                 INFO updateFieldMap: found map of type ToroidMap with soleCur=0 toroCur=20400 (path file:MagneticFieldMaps/bfieldmap_0_20400_14m.root)
AtlasFieldMapCondAlg                                 INFO checkCurrentFromConditions: Range of input currents is {[t:0] - [t:4294967294.854775807]}
AtlasFieldMapCondAlg                                 INFO checkCurrentFromConditions: Attempt 1 at reading currents from DCS (using channel name)
AtlasFieldMapCondAlg                                 INFO checkCurrentFromConditions: Trying to read from DCS: [channel name, index, value] CentralSol_Current , 1 , 7730
AtlasFieldMapCondAlg                                 INFO checkCurrentFromConditions: Trying to read from DCS: [channel name, index, value] CentralSol_SCurrent , 2 , 7730
AtlasFieldMapCondAlg                                 INFO checkCurrentFromConditions: Trying to read from DCS: [channel name, index, value] Toroids_Current , 3 , 20400
AtlasFieldMapCondAlg                                 INFO checkCurrentFromConditions: Trying to read from DCS: [channel name, index, value] Toroids_SCurrent , 4 , 20400
AtlasFieldMapCondAlg                                 INFO checkCurrentFromConditions: Currents read from DCS - solenoid 7730 toroid 20400
AtlasFieldMapCondAlg                                 INFO updateFieldMap: currents are OK, will use nominal maps
AtlasFieldMapCondAlg                                 INFO updateFieldMap: found TagInfoMgr 
AtlasFieldMapCondAlg                                 INFO updateFieldMap: DID NOT reset currents from TagInfo
AtlasFieldMapCondAlg                                 INFO updateFieldMap: Set map currents from FieldSvc: solenoid/toroid 7730,20400
AtlasFieldMapCondAlg                                 INFO updateFieldMap: Use map file MagneticFieldMaps/bfieldmap_7730_20400_14m.root
AtlasFieldMapCondAlg                                 INFO updateFieldMap: Initialized the field map from /cvmfs/atlas.cern.ch/repo/sw/database/GroupData/MagneticFieldMaps/bfieldmap_7730_20400_14m.root
AtlasFieldMapCondAlg                                 INFO execute: solenoid zone id  7000
AtlasFieldMapCondAlg                                 INFO execute: recorded AtlasFieldMapCondObj with EventRange {[0,l:0] - [INVALID]}
AtlasFieldCacheCondAlg                               INFO UpdateCurrentFromConditions: Range of input/output is {[t:0] - [t:4294967294.854775807]}
AtlasFieldCacheCondAlg                               INFO UpdateCurrentFromConditions: Attempt 1 at reading currents from DCS (using channel name)
AtlasFieldCacheCondAlg                               INFO UpdateCurrentFromConditions: Trying to read from DCS: [channel name, index, value] CentralSol_Current , 1 , 7730
AtlasFieldCacheCondAlg                               INFO UpdateCurrentFromConditions: Trying to read from DCS: [channel name, index, value] CentralSol_SCurrent , 2 , 7730
AtlasFieldCacheCondAlg                               INFO UpdateCurrentFromConditions: Trying to read from DCS: [channel name, index, value] Toroids_Current , 3 , 20400
AtlasFieldCacheCondAlg                               INFO UpdateCurrentFromConditions: Trying to read from DCS: [channel name, index, value] Toroids_SCurrent , 4 , 20400
AtlasFieldCacheCondAlg                               INFO UpdateCurrentFromConditions: Currents read from DCS - solenoid 7730 toroid 20400
AtlasFieldCacheCondAlg                               INFO scaleField: Solenoid field scale factor 1. Desired current and map current: 7730,7730
AtlasFieldCacheCondAlg                               INFO scaleField: Toroid field scale factor 1. Desired current and map current: 20400,20400
AtlasFieldCacheCondAlg                               INFO execute: initialized AtlasFieldCacheCondObj and cache with SFs - sol/tor 1/1, EventRange {[t:0] - [t:4294967294.854775807]}
AtlasFieldCacheCondAlg                               INFO execute: solenoid zone id  7000
TrackingAlg.TrackingHitInputTool                     INFO Reading pixel clusters
VarHandle(StoreGateSvc+ITkPixelClusters[2560])    WARNING StoreGate/src/VarHandleBase.cxx:838 (void*SG::VarHandleBase::typeless_dataPointer_impl(bool)): could not get proxy for key ITkPixelClusters
TrackingAlg                                         FATAL Standard std::exception is caught in sysExecute
TrackingAlg                                         ERROR SG::ExcNullReadHandle: Dereference of read handle failed: StoreGateSvc_Impl+ITkPixelClusters[2560]
TrackingAlg                                         ERROR Maximum number of errors ( 'ErrorMax':1) reached.
AthAlgSeq                                            INFO execute of [TrackingAlg] did NOT succeed
AthAlgSeq                                           ERROR Maximum number of errors ( 'ErrorMax':1) reached.
AthAllAlgSeq                                         INFO execute of [AthAlgSeq] did NOT succeed
AthAllAlgSeq                                        ERROR Maximum number of errors ( 'ErrorMax':1) reached.
AthAlgEvtSeq                                         INFO execute of [AthAllAlgSeq] did NOT succeed
AthAlgEvtSeq                                        ERROR Maximum number of errors ( 'ErrorMax':1) reached.
AthMasterSeq                                         INFO execute of [AthAlgEvtSeq] did NOT succeed
AthMasterSeq                                        ERROR Maximum number of errors ( 'ErrorMax':1) reached.
AthenaEventLoopMgr                                   INFO Execution of algorithm AthMasterSeq failed with StatusCode::FAILURE
AthenaEventLoopMgr                                   INFO   ===>>>  done processing event #1, run #1 1 events processed so far  <<<===
AthenaEventLoopMgr                                  ERROR Terminating event processing loop due to errors
Py:ComponentAccumulator   ERROR Failure running application
