
Running Full Tracking Chain Using CUDA

>>> Detector Options <<<
  Detector file       : /eos/user/j/jlai/itk_data/ITk_DetectorBuilder_geometry.json
  Material file       : 
  Surface grid file   : /eos/user/j/jlai/itk_data/ITk_DetectorBuilder_surface_grids.json
  Use detray::detector: yes
  Digitization file   : /eos/user/j/jlai/itk_data/ITk_digitization_config.json
>>> Input Data Options <<<
  Use ACTS geometry source      : no
  Input data format             : csv
  Input directory               : /eos/user/j/jlai/itk_data/ITk_hit_data
  Number of input events        : 1
  Number of input events to skip: 1
>>> Output Data Options <<<
  Output data format: binary
  Output directory  : /eos/user/j/jlai/Traccc/traccc/data/output
>>> Clusterization Options <<<
  Threads per partition:      256
  Target cells per thread:    8
  Max cells per thread:       16
  Scratch space size mult.:   256
>>> Track Seeding Options <<<
  None
>>> Track Finding Options <<<
  Max number of branches per seed: 10
  Max number of branches per surface: 10
  Track candidates range   : 3:100
  Minimum step length for the next surface: 0.5 [mm] 
  Maximum step counts for the next surface: 100
  Maximum Chi2             : 10
  Maximum branches per step: 10
  Maximum number of skipped steps per candidates: 3
  PDG Number: 13
>>> Track Propagation Options <<<
Navigation
----------------------------
  Min. mask tolerance   : 1e-05 [mm]
  Max. mask tolerance   : 1 [mm]
  Mask tolerance scalor : 0.05
  Path tolerance        : 1 [um]
  Overstep tolerance    : -100 [um]
  Search window         : 0 x 0

Parameter Transport
----------------------------
  Min. Stepsize         : 0.0001 [mm]
  Runge-Kutta tolerance : 0.0001 [mm]
  Max. step updates     : 10000
  Stepsize  constraint  : 3.40282e+38 [mm]
  Path limit            : 5 [m]
  Use Bethe energy loss : true
  Do cov. transport     : true
  Use eloss gradient    : false
  Use B-field gradient  : false

Geometry Context
----------------------------
0

>>> Performance Measurement Options <<<
  Run performance checks: no
>>> Accelerator Options <<<
  Compare with CPU results: no

WARNING: No material in detector

WARNING: No entries in volume finder

Detector check: OK
WARNING: No material in detector

WARNING: No entries in volume finder

Detector check: OK
==> Statistics ... 
- read    839287 cells
- created (cpu)  0 measurements     
- created (cuda)  289890 measurements     
- created (cpu)  0 spacepoints     
- created (cuda) 289890 spacepoints     
- created  (cpu) 0 seeds
- created (cuda) 145871 seeds
- found (cpu)    0 tracks
- found (cuda)   70462 tracks
- fitted (cpu)   0 tracks
- fitted (cuda)  70462 tracks
==>Elapsed times...
           File reading  (cpu)  1495 ms
         Clusterization (cuda)  170 ms
   Spacepoint formation (cuda)  4 ms
                Seeding (cuda)  383 ms
           Track params (cuda)  3 ms
          Track finding (cuda)  1768 ms
          Track fitting (cuda)  114 ms
                     Wall time  3945 ms
